0 info it worked if it ends with ok
1 verbose cli [ '/Users/mckale/.nvm/versions/node/v6.11.2/bin/node',
1 verbose cli   '/Users/mckale/.nvm/versions/node/v6.11.2/bin/npm',
1 verbose cli   'start' ]
2 info using npm@3.10.10
3 info using node@v6.11.2
4 verbose run-script [ 'prestart', 'start', 'poststart' ]
5 info lifecycle node-message-app@0.0.0~prestart: node-message-app@0.0.0
6 silly lifecycle node-message-app@0.0.0~prestart: no script for prestart, continuing
7 info lifecycle node-message-app@0.0.0~start: node-message-app@0.0.0
8 verbose lifecycle node-message-app@0.0.0~start: unsafe-perm in lifecycle true
9 verbose lifecycle node-message-app@0.0.0~start: PATH: /Users/mckale/.nvm/versions/node/v6.11.2/lib/node_modules/npm/bin/node-gyp-bin:/Users/mckale/Development/code/node_message_app/node_modules/.bin:/Users/mckale/.rvm/gems/ruby-2.3.3/bin:/Users/mckale/.rvm/gems/ruby-2.3.3@global/bin:/Users/mckale/.rvm/rubies/ruby-2.3.3/bin:/Library/Frameworks/Python.framework/Versions/3.6/bin:/Users/mckale/.nvm/versions/node/v6.11.2/bin:/Applications/Postgres.app/Contents/Versions/latest/bin:/usr/local:/usr/local/bin:/usr/local/sbin:/usr/bin:/usr/local/bin:/usr/bin:/bin:/usr/sbin:/sbin:/Users/mckale/.rvm/bin
10 verbose lifecycle node-message-app@0.0.0~start: CWD: /Users/mckale/Development/code/node_message_app
11 silly lifecycle node-message-app@0.0.0~start: Args: [ '-c', 'node ./bin/www' ]
12 silly lifecycle node-message-app@0.0.0~start: Returned: code: 1  signal: null
13 info lifecycle node-message-app@0.0.0~start: Failed to exec start script
14 verbose stack Error: node-message-app@0.0.0 start: `node ./bin/www`
14 verbose stack Exit status 1
14 verbose stack     at EventEmitter.<anonymous> (/Users/mckale/.nvm/versions/node/v6.11.2/lib/node_modules/npm/lib/utils/lifecycle.js:255:16)
14 verbose stack     at emitTwo (events.js:106:13)
14 verbose stack     at EventEmitter.emit (events.js:191:7)
14 verbose stack     at ChildProcess.<anonymous> (/Users/mckale/.nvm/versions/node/v6.11.2/lib/node_modules/npm/lib/utils/spawn.js:40:14)
14 verbose stack     at emitTwo (events.js:106:13)
14 verbose stack     at ChildProcess.emit (events.js:191:7)
14 verbose stack     at maybeClose (internal/child_process.js:891:16)
14 verbose stack     at Process.ChildProcess._handle.onexit (internal/child_process.js:226:5)
15 verbose pkgid node-message-app@0.0.0
16 verbose cwd /Users/mckale/Development/code/node_message_app
17 error Darwin 17.3.0
18 error argv "/Users/mckale/.nvm/versions/node/v6.11.2/bin/node" "/Users/mckale/.nvm/versions/node/v6.11.2/bin/npm" "start"
19 error node v6.11.2
20 error npm  v3.10.10
21 error code ELIFECYCLE
22 error node-message-app@0.0.0 start: `node ./bin/www`
22 error Exit status 1
23 error Failed at the node-message-app@0.0.0 start script 'node ./bin/www'.
23 error Make sure you have the latest version of node.js and npm installed.
23 error If you do, this is most likely a problem with the node-message-app package,
23 error not with npm itself.
23 error Tell the author that this fails on your system:
23 error     node ./bin/www
23 error You can get information on how to open an issue for this project with:
23 error     npm bugs node-message-app
23 error Or if that isn't available, you can get their info via:
23 error     npm owner ls node-message-app
23 error There is likely additional logging output above.
24 verbose exit [ 1, true ]
